2021-11-10 10:04:27.0698|Microsoft.Hosting.Lifetime|INFO|Now listening on: http://[::]:8888 
2021-11-10 10:04:27.1274|Microsoft.Hosting.Lifetime|INFO|Now listening on: http://[::]:1980 
2021-11-10 10:04:27.1391|Microsoft.Hosting.Lifetime|INFO|Application started. Press Ctrl+C to shut down. 
2021-11-10 10:04:27.1410|Microsoft.Hosting.Lifetime|INFO|Hosting environment: Development 
2021-11-10 10:04:27.1415|Microsoft.Hosting.Lifetime|INFO|Content root path: /Users/knockjkeee/Projects/RestApiWithServiceWorker/RestApiWithServiceWorker 
2021-11-10 10:04:52.0816|Microsoft.Hosting.Lifetime|INFO|Now listening on: http://[::]:8888 
2021-11-10 10:04:52.1371|Microsoft.Hosting.Lifetime|INFO|Now listening on: http://[::]:1980 
2021-11-10 10:04:52.1446|Microsoft.Hosting.Lifetime|INFO|Application started. Press Ctrl+C to shut down. 
2021-11-10 10:04:52.1466|Microsoft.Hosting.Lifetime|INFO|Hosting environment: Development 
2021-11-10 10:04:52.1474|Microsoft.Hosting.Lifetime|INFO|Content root path: /Users/knockjkeee/Projects/RestApiWithServiceWorker/RestApiWithServiceWorker 
2021-11-10 10:05:50.4988|Microsoft.Hosting.Lifetime|INFO|Now listening on: http://[::]:8888 
2021-11-10 10:05:50.6585|Microsoft.Hosting.Lifetime|INFO|Now listening on: http://[::]:1980 
2021-11-10 10:05:50.6650|Microsoft.Hosting.Lifetime|INFO|Application started. Press Ctrl+C to shut down. 
2021-11-10 10:05:50.6661|Microsoft.Hosting.Lifetime|INFO|Hosting environment: Development 
2021-11-10 10:05:50.6661|Microsoft.Hosting.Lifetime|INFO|Content root path: /Users/knockjkeee/Projects/RestApiWithServiceWorker/RestApiWithServiceWorker 
2021-11-10 10:06:21.0547|Microsoft.Hosting.Lifetime|INFO|Now listening on: http://[::]:8888 
2021-11-10 10:06:21.2502|Microsoft.Hosting.Lifetime|INFO|Now listening on: http://[::]:1980 
2021-11-10 10:06:21.2574|Microsoft.Hosting.Lifetime|INFO|Application started. Press Ctrl+C to shut down. 
2021-11-10 10:06:21.2587|Microsoft.Hosting.Lifetime|INFO|Hosting environment: Development 
2021-11-10 10:06:21.2593|Microsoft.Hosting.Lifetime|INFO|Content root path: /Users/knockjkeee/Projects/RestApiWithServiceWorker/RestApiWithServiceWorker 
2021-11-10 10:09:32.3023|Microsoft.Hosting.Lifetime|INFO|Now listening on: http://[::]:8888 
2021-11-10 10:09:32.5155|Microsoft.Hosting.Lifetime|INFO|Now listening on: http://[::]:1980 
2021-11-10 10:09:32.5256|Microsoft.Hosting.Lifetime|INFO|Application started. Press Ctrl+C to shut down. 
2021-11-10 10:09:32.5277|Microsoft.Hosting.Lifetime|INFO|Hosting environment: Development 
2021-11-10 10:09:32.5277|Microsoft.Hosting.Lifetime|INFO|Content root path: /Users/knockjkeee/Projects/RestApiWithServiceWorker/RestApiWithServiceWorker 
2021-11-10 10:15:30.5869|Microsoft.Hosting.Lifetime|INFO|Now listening on: http://[::]:8888 
2021-11-10 10:15:30.6441|Microsoft.Hosting.Lifetime|INFO|Now listening on: http://[::]:1980 
2021-11-10 10:15:30.6524|Microsoft.Hosting.Lifetime|INFO|Application started. Press Ctrl+C to shut down. 
2021-11-10 10:15:30.6552|Microsoft.Hosting.Lifetime|INFO|Hosting environment: Development 
2021-11-10 10:15:30.6561|Microsoft.Hosting.Lifetime|INFO|Content root path: /Users/knockjkeee/Projects/RestApiWithServiceWorker/RestApiWithServiceWorker 
2021-11-10 10:15:48.1993|Microsoft.Hosting.Lifetime|INFO|Now listening on: http://[::]:8888 
2021-11-10 10:15:48.3879|Microsoft.Hosting.Lifetime|INFO|Now listening on: http://[::]:1980 
2021-11-10 10:15:48.3991|Microsoft.Hosting.Lifetime|INFO|Application started. Press Ctrl+C to shut down. 
2021-11-10 10:15:48.4003|Microsoft.Hosting.Lifetime|INFO|Hosting environment: Development 
2021-11-10 10:15:48.4003|Microsoft.Hosting.Lifetime|INFO|Content root path: /Users/knockjkeee/Projects/RestApiWithServiceWorker/RestApiWithServiceWorker 
2021-11-10 10:17:23.4831|Microsoft.Hosting.Lifetime|INFO|Now listening on: http://[::]:8888 
2021-11-10 10:17:23.6918|Microsoft.Hosting.Lifetime|INFO|Now listening on: http://[::]:1980 
2021-11-10 10:17:23.7018|Microsoft.Hosting.Lifetime|INFO|Application started. Press Ctrl+C to shut down. 
2021-11-10 10:17:23.7028|Microsoft.Hosting.Lifetime|INFO|Hosting environment: Development 
2021-11-10 10:17:23.7031|Microsoft.Hosting.Lifetime|INFO|Content root path: /Users/knockjkeee/Projects/RestApiWithServiceWorker/RestApiWithServiceWorker 
2021-11-10 10:17:35.4593|Microsoft.Hosting.Lifetime|INFO|Now listening on: http://[::]:8888 
2021-11-10 10:17:35.6402|Microsoft.Hosting.Lifetime|INFO|Now listening on: http://[::]:1980 
2021-11-10 10:17:35.6499|Microsoft.Hosting.Lifetime|INFO|Application started. Press Ctrl+C to shut down. 
2021-11-10 10:17:35.6517|Microsoft.Hosting.Lifetime|INFO|Hosting environment: Development 
2021-11-10 10:17:35.6524|Microsoft.Hosting.Lifetime|INFO|Content root path: /Users/knockjkeee/Projects/RestApiWithServiceWorker/RestApiWithServiceWorker 
2021-11-10 10:19:17.8307|Microsoft.Hosting.Lifetime|INFO|Now listening on: http://[::]:8888 
2021-11-10 10:19:17.8924|Microsoft.Hosting.Lifetime|INFO|Now listening on: http://[::]:1980 
2021-11-10 10:19:17.9003|Microsoft.Hosting.Lifetime|INFO|Application started. Press Ctrl+C to shut down. 
2021-11-10 10:19:17.9028|Microsoft.Hosting.Lifetime|INFO|Hosting environment: Development 
2021-11-10 10:19:17.9028|Microsoft.Hosting.Lifetime|INFO|Content root path: /Users/knockjkeee/Projects/RestApiWithServiceWorker/RestApiWithServiceWorker 
2021-11-10 10:19:59.4234|Microsoft.Hosting.Lifetime|INFO|Now listening on: http://[::]:8888 
2021-11-10 10:19:59.4799|Microsoft.Hosting.Lifetime|INFO|Now listening on: http://[::]:1980 
2021-11-10 10:19:59.4861|Microsoft.Hosting.Lifetime|INFO|Application started. Press Ctrl+C to shut down. 
2021-11-10 10:19:59.4868|Microsoft.Hosting.Lifetime|INFO|Hosting environment: Development 
2021-11-10 10:19:59.4868|Microsoft.Hosting.Lifetime|INFO|Content root path: /Users/knockjkeee/Projects/RestApiWithServiceWorker/RestApiWithServiceWorker 
2021-11-10 10:20:23.8537|Microsoft.Hosting.Lifetime|INFO|Now listening on: http://[::]:8888 
2021-11-10 10:20:23.9126|Microsoft.Hosting.Lifetime|INFO|Now listening on: http://[::]:1980 
2021-11-10 10:20:23.9198|Microsoft.Hosting.Lifetime|INFO|Application started. Press Ctrl+C to shut down. 
2021-11-10 10:20:23.9217|Microsoft.Hosting.Lifetime|INFO|Hosting environment: Development 
2021-11-10 10:20:23.9222|Microsoft.Hosting.Lifetime|INFO|Content root path: /Users/knockjkeee/Projects/RestApiWithServiceWorker/RestApiWithServiceWorker 
2021-11-10 10:20:54.6477|Microsoft.Hosting.Lifetime|INFO|Now listening on: http://[::]:8888 
2021-11-10 10:20:54.7926|Microsoft.Hosting.Lifetime|INFO|Now listening on: http://[::]:1980 
2021-11-10 10:20:54.8028|Microsoft.Hosting.Lifetime|INFO|Application started. Press Ctrl+C to shut down. 
2021-11-10 10:20:54.8044|Microsoft.Hosting.Lifetime|INFO|Hosting environment: Development 
2021-11-10 10:20:54.8049|Microsoft.Hosting.Lifetime|INFO|Content root path: /Users/knockjkeee/Projects/RestApiWithServiceWorker/RestApiWithServiceWorker 
2021-11-10 10:23:37.3354|Microsoft.Hosting.Lifetime|INFO|Now listening on: http://[::]:8888 
2021-11-10 10:23:37.4961|Microsoft.Hosting.Lifetime|INFO|Now listening on: http://[::]:1980 
2021-11-10 10:23:37.5059|Microsoft.Hosting.Lifetime|INFO|Application started. Press Ctrl+C to shut down. 
2021-11-10 10:23:37.5075|Microsoft.Hosting.Lifetime|INFO|Hosting environment: Development 
2021-11-10 10:23:37.5081|Microsoft.Hosting.Lifetime|INFO|Content root path: /Users/knockjkeee/Projects/RestApiWithServiceWorker/RestApiWithServiceWorker 
2021-11-10 10:23:54.5364|Microsoft.Hosting.Lifetime|INFO|Now listening on: http://[::]:8888 
2021-11-10 10:23:54.6286|Microsoft.Hosting.Lifetime|INFO|Now listening on: http://[::]:1980 
2021-11-10 10:23:54.6365|Microsoft.Hosting.Lifetime|INFO|Application started. Press Ctrl+C to shut down. 
2021-11-10 10:23:54.6381|Microsoft.Hosting.Lifetime|INFO|Hosting environment: Development 
2021-11-10 10:23:54.6381|Microsoft.Hosting.Lifetime|INFO|Content root path: /Users/knockjkeee/Projects/RestApiWithServiceWorker/RestApiWithServiceWorker 
2021-11-10 10:26:34.0769|Microsoft.Hosting.Lifetime|INFO|Now listening on: http://[::]:8888 
2021-11-10 10:26:34.1320|Microsoft.Hosting.Lifetime|INFO|Now listening on: http://[::]:1980 
2021-11-10 10:26:34.1382|Microsoft.Hosting.Lifetime|INFO|Application started. Press Ctrl+C to shut down. 
2021-11-10 10:26:34.1390|Microsoft.Hosting.Lifetime|INFO|Hosting environment: Development 
2021-11-10 10:26:34.1401|Microsoft.Hosting.Lifetime|INFO|Content root path: /Users/knockjkeee/Projects/RestApiWithServiceWorker/RestApiWithServiceWorker 
2021-11-10 10:31:19.2385|RestApiWithServiceWorker.Controller.HandlesController|INFO|messageResponse: Rest: add-file AccesKey: 57cb0c68-1998-481e-a4e2-fdec8afdec36 uuid: serviceCall$1615707 File: tmp6B73.tmp Fname: scan_9.pdf url: http://192.168.246.76:8080/sd Attr: response 
2021-11-10 10:31:19.2483|RestApiWithServiceWorker.Controller.HandlesController|INFO|urlToRequestNaumen: http://192.168.246.76:8080/sd/services/rest/add-file/serviceCall$1615707?accessKey=57cb0c68-1998-481e-a4e2-fdec8afdec36&attrCode=response 
2021-11-10 10:31:19.2496|RestApiWithServiceWorker.Controller.HandlesController|INFO|Path temp dir: /var/folders/v6/rh7z4qlj069ghl0gmwlnbyjm0000gn/T/tmp6B73.tmp 
2021-11-10 10:31:19.2878|Microsoft.AspNetCore.Diagnostics.DeveloperExceptionPageMiddleware|ERROR|An unhandled exception has occurred while executing the request. Could not find file '/var/folders/v6/rh7z4qlj069ghl0gmwlnbyjm0000gn/T/tmp6B73.tmp'.
2021-11-10 10:32:17.3191|Microsoft.Hosting.Lifetime|INFO|Application is shutting down... 
2021-11-10 10:41:36.2246|Microsoft.Hosting.Lifetime|INFO|Now listening on: http://[::]:8888 
2021-11-10 10:41:36.2832|Microsoft.Hosting.Lifetime|INFO|Now listening on: http://[::]:1980 
2021-11-10 10:41:36.2905|Microsoft.Hosting.Lifetime|INFO|Application started. Press Ctrl+C to shut down. 
2021-11-10 10:41:36.2924|Microsoft.Hosting.Lifetime|INFO|Hosting environment: Development 
2021-11-10 10:41:36.2924|Microsoft.Hosting.Lifetime|INFO|Content root path: /Users/knockjkeee/Projects/RestApiWithServiceWorker/RestApiWithServiceWorker 
2021-11-10 10:41:40.3239|RestApiWithServiceWorker.Controller.HandlesController|INFO|messageResponse: Rest: add-file AccesKey: 57cb0c68-1998-481e-a4e2-fdec8afdec36 uuid: serviceCall$1615707 File: tmp6B73.tmp Fname: scan_9.pdf url: http://192.168.246.76:8080/sd Attr: response 
2021-11-10 10:41:40.3336|RestApiWithServiceWorker.Controller.HandlesController|INFO|urlToRequestNaumen: http://192.168.246.76:8080/sd/services/rest/add-file/serviceCall$1615707?accessKey=57cb0c68-1998-481e-a4e2-fdec8afdec36&attrCode=response 
2021-11-10 10:41:40.3350|RestApiWithServiceWorker.Controller.HandlesController|INFO|Path temp dir: /var/folders/v6/rh7z4qlj069ghl0gmwlnbyjm0000gn/T/tmp6B73.tmp 
2021-11-10 10:41:40.3361|RestApiWithServiceWorker.Controller.HandlesController|INFO|buff length: 205 
2021-11-10 10:41:47.4283|Microsoft.Hosting.Lifetime|INFO|Application is shutting down... 
2021-11-10 10:42:16.6876|Microsoft.Hosting.Lifetime|INFO|Now listening on: http://[::]:8888 
2021-11-10 10:42:16.7495|Microsoft.Hosting.Lifetime|INFO|Now listening on: http://[::]:1980 
2021-11-10 10:42:16.7573|Microsoft.Hosting.Lifetime|INFO|Application started. Press Ctrl+C to shut down. 
2021-11-10 10:42:16.7588|Microsoft.Hosting.Lifetime|INFO|Hosting environment: Development 
2021-11-10 10:42:16.7597|Microsoft.Hosting.Lifetime|INFO|Content root path: /Users/knockjkeee/Projects/RestApiWithServiceWorker/RestApiWithServiceWorker 
2021-11-10 10:42:20.5938|RestApiWithServiceWorker.Controller.HandlesController|INFO|messageResponse: Rest: add-file AccesKey: 57cb0c68-1998-481e-a4e2-fdec8afdec36 uuid: serviceCall$1615707 File: tmp6B73.tmp Fname: scan_9.pdf url: http://192.168.246.76:8080/sd Attr: response 
2021-11-10 10:42:20.6051|RestApiWithServiceWorker.Controller.HandlesController|INFO|urlToRequestNaumen: http://192.168.246.76:8080/sd/services/rest/add-file/serviceCall$1615707?accessKey=57cb0c68-1998-481e-a4e2-fdec8afdec36&attrCode=response 
2021-11-10 10:42:20.6063|RestApiWithServiceWorker.Controller.HandlesController|INFO|Path temp dir: /var/folders/v6/rh7z4qlj069ghl0gmwlnbyjm0000gn/T/tmp6B73.tmp 
2021-11-10 10:42:20.6075|RestApiWithServiceWorker.Controller.HandlesController|INFO|buff length: 205 
2021-11-10 10:42:23.9688|Microsoft.Hosting.Lifetime|INFO|Application is shutting down... 
