2021-11-09 09:38:31.7917|RestApiWithServiceWorker.Program|DEBUG|init main 
2021-11-09 09:38:32.7005|Microsoft.Hosting.Lifetime|INFO|Now listening on: http://[::]:8888 
2021-11-09 09:38:32.7102|Microsoft.Hosting.Lifetime|INFO|Now listening on: http://[::]:1980 
2021-11-09 09:38:32.7148|Microsoft.Hosting.Lifetime|INFO|Application started. Press Ctrl+C to shut down. 
2021-11-09 09:38:32.7148|Microsoft.Hosting.Lifetime|INFO|Hosting environment: Development 
2021-11-09 09:38:32.7157|Microsoft.Hosting.Lifetime|INFO|Content root path: /Users/knockjkeee/Projects/RestApiWithServiceWorker/RestApiWithServiceWorker 
2021-11-09 09:39:06.6154|RestApiWithServiceWorker.Controller.HomeController|INFO|WindowsServiceApi is running... 
2021-11-09 09:39:06.6245|RestApiWithServiceWorker.Controller.HomeController|INFO|messageResponse: Rest: add-file AccesKey: 57cb0c68-1998-481e-a4e2-fdec8afdec36 uuid: serviceCall$1615707 File: tmp6B73.tmp Fname: scan_9.pdf url: http://192.168.246.76:8080/sd Attr: response 
2021-11-09 09:39:55.3996|RestApiWithServiceWorker.Controller.HomeController|INFO|WindowsServiceApi is running... 
2021-11-09 09:39:55.4091|RestApiWithServiceWorker.Controller.HomeController|INFO|messageResponse: Rest: add-file AccesKey: 57cb0c68-1998-481e-a4e2-fdec8afdec36 uuid: serviceCall$1615707 File: tmp6B73.tmp Fname: scan_9.pdf url: http://192.168.246.76:8080/sd Attr:  
2021-11-09 09:42:00.4822|Microsoft.Hosting.Lifetime|INFO|Application is shutting down... 
2021-11-09 09:42:07.4290|RestApiWithServiceWorker.Program|DEBUG|init main 
2021-11-09 09:42:07.9675|Microsoft.Hosting.Lifetime|INFO|Now listening on: http://[::]:8888 
2021-11-09 09:42:07.9761|Microsoft.Hosting.Lifetime|INFO|Now listening on: http://[::]:1980 
2021-11-09 09:42:07.9808|Microsoft.Hosting.Lifetime|INFO|Application started. Press Ctrl+C to shut down. 
2021-11-09 09:42:07.9808|Microsoft.Hosting.Lifetime|INFO|Hosting environment: Development 
2021-11-09 09:42:07.9815|Microsoft.Hosting.Lifetime|INFO|Content root path: /Users/knockjkeee/Projects/RestApiWithServiceWorker/RestApiWithServiceWorker 
2021-11-09 09:42:15.7139|RestApiWithServiceWorker.Controller.HomeController|INFO|WindowsServiceApi is running... 
2021-11-09 09:42:15.7232|RestApiWithServiceWorker.Controller.HomeController|INFO|messageResponse: Rest: add-file AccesKey: 57cb0c68-1998-481e-a4e2-fdec8afdec36 uuid: serviceCall$1615707 File: tmp6B73.tmp Fname: scan_9.pdf url: http://192.168.246.76:8080/sd Attr:  
2021-11-09 09:43:02.0533|Microsoft.Hosting.Lifetime|INFO|Application is shutting down... 
2021-11-09 09:43:06.4570|RestApiWithServiceWorker.Program|DEBUG|init main 
2021-11-09 09:43:07.0063|Microsoft.Hosting.Lifetime|INFO|Now listening on: http://[::]:8888 
2021-11-09 09:43:07.0140|Microsoft.Hosting.Lifetime|INFO|Now listening on: http://[::]:1980 
2021-11-09 09:43:07.0182|Microsoft.Hosting.Lifetime|INFO|Application started. Press Ctrl+C to shut down. 
2021-11-09 09:43:07.0182|Microsoft.Hosting.Lifetime|INFO|Hosting environment: Development 
2021-11-09 09:43:07.0193|Microsoft.Hosting.Lifetime|INFO|Content root path: /Users/knockjkeee/Projects/RestApiWithServiceWorker/RestApiWithServiceWorker 
2021-11-09 09:43:13.4611|RestApiWithServiceWorker.Controller.HomeController|INFO|WindowsServiceApi is running... 
2021-11-09 09:43:13.4702|RestApiWithServiceWorker.Controller.HomeController|INFO|messageResponse: Rest: add-file AccesKey: 57cb0c68-1998-481e-a4e2-fdec8afdec36 uuid: serviceCall$1615707 File: tmp6B73.tmp Fname: scan_9.pdf url: http://192.168.246.76:8080/sd Attr:  
2021-11-09 09:43:51.8905|Microsoft.Hosting.Lifetime|INFO|Application is shutting down... 
2021-11-09 09:43:59.6178|RestApiWithServiceWorker.Program|DEBUG|init main 
2021-11-09 09:44:00.1639|Microsoft.Hosting.Lifetime|INFO|Now listening on: http://[::]:8888 
2021-11-09 09:44:00.1714|Microsoft.Hosting.Lifetime|INFO|Now listening on: http://[::]:1980 
2021-11-09 09:44:00.1769|Microsoft.Hosting.Lifetime|INFO|Application started. Press Ctrl+C to shut down. 
2021-11-09 09:44:00.1775|Microsoft.Hosting.Lifetime|INFO|Hosting environment: Development 
2021-11-09 09:44:00.1775|Microsoft.Hosting.Lifetime|INFO|Content root path: /Users/knockjkeee/Projects/RestApiWithServiceWorker/RestApiWithServiceWorker 
2021-11-09 09:44:04.4198|Microsoft.AspNetCore.Diagnostics.DeveloperExceptionPageMiddleware|ERROR|An unhandled exception has occurred while executing the request. Object reference not set to an instance of an object.
2021-11-09 09:46:01.6102|Microsoft.AspNetCore.Diagnostics.DeveloperExceptionPageMiddleware|ERROR|An unhandled exception has occurred while executing the request. Object reference not set to an instance of an object.
2021-11-09 09:46:07.0685|Microsoft.Hosting.Lifetime|INFO|Application is shutting down... 
2021-11-09 09:46:14.7549|RestApiWithServiceWorker.Program|DEBUG|init main 
2021-11-09 09:46:15.3179|Microsoft.Hosting.Lifetime|INFO|Now listening on: http://[::]:8888 
2021-11-09 09:46:15.3258|Microsoft.Hosting.Lifetime|INFO|Now listening on: http://[::]:1980 
2021-11-09 09:46:15.3306|Microsoft.Hosting.Lifetime|INFO|Application started. Press Ctrl+C to shut down. 
2021-11-09 09:46:15.3306|Microsoft.Hosting.Lifetime|INFO|Hosting environment: Development 
2021-11-09 09:46:15.3314|Microsoft.Hosting.Lifetime|INFO|Content root path: /Users/knockjkeee/Projects/RestApiWithServiceWorker/RestApiWithServiceWorker 
2021-11-09 09:46:21.2737|RestApiWithServiceWorker.Controller.HomeController|INFO|WindowsServiceApi is running... 
2021-11-09 09:46:21.2862|RestApiWithServiceWorker.Controller.HomeController|INFO|messageResponse: Rest: add-file AccesKey: 57cb0c68-1998-481e-a4e2-fdec8afdec36 uuid: serviceCall$1615707 File: tmp6B73.tmp Fname: scan_9.pdf url: http://192.168.246.76:8080/sd Attr:  
2021-11-09 09:48:29.2783|Microsoft.Hosting.Lifetime|INFO|Application is shutting down... 
2021-11-09 09:48:43.0321|RestApiWithServiceWorker.Program|DEBUG|init main 
2021-11-09 09:48:43.5926|Microsoft.Hosting.Lifetime|INFO|Now listening on: http://[::]:8888 
2021-11-09 09:48:43.6023|Microsoft.Hosting.Lifetime|INFO|Now listening on: http://[::]:1980 
2021-11-09 09:48:43.6074|Microsoft.Hosting.Lifetime|INFO|Application started. Press Ctrl+C to shut down. 
2021-11-09 09:48:43.6079|Microsoft.Hosting.Lifetime|INFO|Hosting environment: Development 
2021-11-09 09:48:43.6079|Microsoft.Hosting.Lifetime|INFO|Content root path: /Users/knockjkeee/Projects/RestApiWithServiceWorker/RestApiWithServiceWorker 
2021-11-09 09:48:55.6495|RestApiWithServiceWorker.Controller.HomeController|INFO|WindowsServiceApi is running... 
2021-11-09 09:48:55.6590|RestApiWithServiceWorker.Controller.HomeController|INFO|messageResponse: Rest: add-file AccesKey: 57cb0c68-1998-481e-a4e2-fdec8afdec36 uuid: serviceCall$1615707 File: tmp6B73.tmp Fname: scan_9.pdf url: http://192.168.246.76:8080/sd Attr:  
2021-11-09 09:49:44.4813|Microsoft.Hosting.Lifetime|INFO|Application is shutting down... 
2021-11-09 09:49:51.8633|RestApiWithServiceWorker.Program|DEBUG|init main 
2021-11-09 09:49:52.4332|Microsoft.Hosting.Lifetime|INFO|Now listening on: http://[::]:8888 
2021-11-09 09:49:52.4405|Microsoft.Hosting.Lifetime|INFO|Now listening on: http://[::]:1980 
2021-11-09 09:49:52.4454|Microsoft.Hosting.Lifetime|INFO|Application started. Press Ctrl+C to shut down. 
2021-11-09 09:49:52.4461|Microsoft.Hosting.Lifetime|INFO|Hosting environment: Development 
2021-11-09 09:49:52.4461|Microsoft.Hosting.Lifetime|INFO|Content root path: /Users/knockjkeee/Projects/RestApiWithServiceWorker/RestApiWithServiceWorker 
2021-11-09 09:50:09.1414|RestApiWithServiceWorker.Controller.HomeController|INFO|WindowsServiceApi is running... 
2021-11-09 09:50:09.1517|RestApiWithServiceWorker.Controller.HomeController|INFO|messageResponse: Rest: add-file AccesKey: 57cb0c68-1998-481e-a4e2-fdec8afdec36 uuid: serviceCall$1615707 File: tmp6B73.tmp Fname: scan_9.pdf url: http://192.168.246.76:8080/sd Attr:  
2021-11-09 10:46:32.8173|Microsoft.Hosting.Lifetime|INFO|Application is shutting down... 
2021-11-09 10:46:40.8355|RestApiWithServiceWorker.Program|DEBUG|init main 
2021-11-09 10:46:41.4046|Microsoft.Hosting.Lifetime|INFO|Now listening on: http://[::]:8888 
2021-11-09 10:46:41.4137|Microsoft.Hosting.Lifetime|INFO|Now listening on: http://[::]:1980 
2021-11-09 10:46:41.4192|Microsoft.Hosting.Lifetime|INFO|Application started. Press Ctrl+C to shut down. 
2021-11-09 10:46:41.4201|Microsoft.Hosting.Lifetime|INFO|Hosting environment: Development 
2021-11-09 10:46:41.4201|Microsoft.Hosting.Lifetime|INFO|Content root path: /Users/knockjkeee/Projects/RestApiWithServiceWorker/RestApiWithServiceWorker 
2021-11-09 10:46:55.4172|RestApiWithServiceWorker.Controller.HandlesController|INFO|WindowsServiceApi is running... 
2021-11-09 10:46:55.4267|RestApiWithServiceWorker.Controller.HandlesController|INFO|messageResponse: Rest: add-file AccesKey: 57cb0c68-1998-481e-a4e2-fdec8afdec36 uuid: serviceCall$1615707 File: tmp6B73.tmp Fname: scan_9.pdf url: http://192.168.246.76:8080/sd Attr:  
2021-11-09 11:05:07.2810|Microsoft.Hosting.Lifetime|INFO|Application is shutting down... 
2021-11-09 11:05:14.7904|RestApiWithServiceWorker.Program|DEBUG|init main 
2021-11-09 11:05:15.3431|Microsoft.Hosting.Lifetime|INFO|Now listening on: http://[::]:8888 
2021-11-09 11:05:15.3516|Microsoft.Hosting.Lifetime|INFO|Now listening on: http://[::]:1980 
2021-11-09 11:05:15.3567|Microsoft.Hosting.Lifetime|INFO|Application started. Press Ctrl+C to shut down. 
2021-11-09 11:05:15.3567|Microsoft.Hosting.Lifetime|INFO|Hosting environment: Development 
2021-11-09 11:05:15.3578|Microsoft.Hosting.Lifetime|INFO|Content root path: /Users/knockjkeee/Projects/RestApiWithServiceWorker/RestApiWithServiceWorker 
2021-11-09 11:05:17.6987|RestApiWithServiceWorker.Controller.HandlesController|INFO|WindowsServiceApi is running... 
2021-11-09 11:05:17.7084|RestApiWithServiceWorker.Controller.HandlesController|INFO|messageResponse: Rest: add-file AccesKey: 57cb0c68-1998-481e-a4e2-fdec8afdec36 uuid: serviceCall$1615707 File: tmp6B73.tmp Fname: scan_9.pdf url: http://192.168.246.76:8080/sd Attr:  
2021-11-09 11:05:34.2292|Microsoft.Hosting.Lifetime|INFO|Application is shutting down... 
2021-11-09 11:05:38.3112|RestApiWithServiceWorker.Program|DEBUG|init main 
2021-11-09 11:05:38.8484|Microsoft.Hosting.Lifetime|INFO|Now listening on: http://[::]:8888 
2021-11-09 11:05:38.8565|Microsoft.Hosting.Lifetime|INFO|Now listening on: http://[::]:1980 
2021-11-09 11:05:38.8614|Microsoft.Hosting.Lifetime|INFO|Application started. Press Ctrl+C to shut down. 
2021-11-09 11:05:38.8614|Microsoft.Hosting.Lifetime|INFO|Hosting environment: Development 
2021-11-09 11:05:38.8622|Microsoft.Hosting.Lifetime|INFO|Content root path: /Users/knockjkeee/Projects/RestApiWithServiceWorker/RestApiWithServiceWorker 
2021-11-09 11:05:45.5032|RestApiWithServiceWorker.Controller.HandlesController|INFO|WindowsServiceApi is running... 
2021-11-09 11:05:45.5130|RestApiWithServiceWorker.Controller.HandlesController|INFO|messageResponse: Rest: add-file AccesKey: 57cb0c68-1998-481e-a4e2-fdec8afdec36 uuid: serviceCall$1615707 File: tmp6B73.tmp Fname: scan_9.pdf url: http://192.168.246.76:8080/sd Attr:  
2021-11-09 11:24:24.5062|Microsoft.Hosting.Lifetime|INFO|Application is shutting down... 
2021-11-09 11:24:32.0639|RestApiWithServiceWorker.Program|DEBUG|init main 
2021-11-09 11:24:32.6405|Microsoft.Hosting.Lifetime|INFO|Now listening on: http://[::]:8888 
2021-11-09 11:24:32.6491|Microsoft.Hosting.Lifetime|INFO|Now listening on: http://[::]:1980 
2021-11-09 11:24:32.6550|Microsoft.Hosting.Lifetime|INFO|Application started. Press Ctrl+C to shut down. 
2021-11-09 11:24:32.6562|Microsoft.Hosting.Lifetime|INFO|Hosting environment: Development 
2021-11-09 11:24:32.6562|Microsoft.Hosting.Lifetime|INFO|Content root path: /Users/knockjkeee/Projects/RestApiWithServiceWorker/RestApiWithServiceWorker 
2021-11-09 11:24:38.7985|RestApiWithServiceWorker.Controller.HandlesController|INFO|WindowsServiceApi is running... 
2021-11-09 11:24:38.8077|RestApiWithServiceWorker.Controller.HandlesController|INFO|messageResponse: Rest: add-file AccesKey: 57cb0c68-1998-481e-a4e2-fdec8afdec36 uuid: serviceCall$1615707 File: tmp6B73.tmp Fname: scan_9.pdf url: http://192.168.246.76:8080/sd Attr:  
2021-11-09 11:25:10.2890|RestApiWithServiceWorker.Controller.HandlesController|INFO|WindowsServiceApi is running... 
2021-11-09 11:25:10.2987|RestApiWithServiceWorker.Controller.HandlesController|INFO|messageResponse: Rest: add-file AccesKey: 57cb0c68-1998-481e-a4e2-fdec8afdec36 uuid: serviceCall$1615707 File: tmp6B73.tmp Fname: scan_9.pdf url: http://192.168.246.76:8080/sd Attr:  
2021-11-09 11:25:39.3328|Microsoft.Hosting.Lifetime|INFO|Application is shutting down... 
2021-11-09 11:25:46.4759|RestApiWithServiceWorker.Program|DEBUG|init main 
2021-11-09 11:25:47.0529|Microsoft.Hosting.Lifetime|INFO|Now listening on: http://[::]:8888 
2021-11-09 11:25:47.0603|Microsoft.Hosting.Lifetime|INFO|Now listening on: http://[::]:1980 
2021-11-09 11:25:47.0656|Microsoft.Hosting.Lifetime|INFO|Application started. Press Ctrl+C to shut down. 
2021-11-09 11:25:47.0662|Microsoft.Hosting.Lifetime|INFO|Hosting environment: Development 
2021-11-09 11:25:47.0662|Microsoft.Hosting.Lifetime|INFO|Content root path: /Users/knockjkeee/Projects/RestApiWithServiceWorker/RestApiWithServiceWorker 
2021-11-09 11:25:52.5899|RestApiWithServiceWorker.Controller.HandlesController|INFO|WindowsServiceApi is running... 
2021-11-09 11:25:52.5998|RestApiWithServiceWorker.Controller.HandlesController|INFO|messageResponse: Rest: add-file AccesKey: 57cb0c68-1998-481e-a4e2-fdec8afdec36 uuid: serviceCall$1615707 File: tmp6B73.tmp Fname: scan_9.pdf url: http://192.168.246.76:8080/sd Attr:  
2021-11-09 11:25:52.6422|Microsoft.AspNetCore.Diagnostics.DeveloperExceptionPageMiddleware|ERROR|An unhandled exception has occurred while executing the request. Could not find file '/Users/knockjkeee/Projects/RestApiWithServiceWorker/RestApiWithServiceWorker/tmp6B73.tmp'.
2021-11-09 11:27:00.1751|Microsoft.Hosting.Lifetime|INFO|Application is shutting down... 
2021-11-09 11:27:06.6528|RestApiWithServiceWorker.Program|DEBUG|init main 
2021-11-09 11:27:07.1836|Microsoft.Hosting.Lifetime|INFO|Now listening on: http://[::]:8888 
2021-11-09 11:27:07.1907|Microsoft.Hosting.Lifetime|INFO|Now listening on: http://[::]:1980 
2021-11-09 11:27:07.1952|Microsoft.Hosting.Lifetime|INFO|Application started. Press Ctrl+C to shut down. 
2021-11-09 11:27:07.1952|Microsoft.Hosting.Lifetime|INFO|Hosting environment: Development 
2021-11-09 11:27:07.1952|Microsoft.Hosting.Lifetime|INFO|Content root path: /Users/knockjkeee/Projects/RestApiWithServiceWorker/RestApiWithServiceWorker 
2021-11-09 11:27:21.7469|RestApiWithServiceWorker.Controller.HandlesController|INFO|WindowsServiceApi is running... 
2021-11-09 11:27:21.7568|RestApiWithServiceWorker.Controller.HandlesController|INFO|messageResponse: Rest: add-file AccesKey: 57cb0c68-1998-481e-a4e2-fdec8afdec36 uuid: serviceCall$1615707 File: tmp6B73.tmp Fname: scan_9.pdf url: http://192.168.246.76:8080/sd Attr:  
2021-11-09 11:27:21.7958|Microsoft.AspNetCore.Diagnostics.DeveloperExceptionPageMiddleware|ERROR|An unhandled exception has occurred while executing the request. Could not find file '/Users/knockjkeee/Projects/RestApiWithServiceWorker/RestApiWithServiceWorker/tmp6B73.tmp'.
2021-11-09 11:27:57.8018|Microsoft.Hosting.Lifetime|INFO|Application is shutting down... 
2021-11-09 11:28:05.8348|RestApiWithServiceWorker.Program|DEBUG|init main 
2021-11-09 11:28:06.3933|Microsoft.Hosting.Lifetime|INFO|Now listening on: http://[::]:8888 
2021-11-09 11:28:06.4017|Microsoft.Hosting.Lifetime|INFO|Now listening on: http://[::]:1980 
2021-11-09 11:28:06.4074|Microsoft.Hosting.Lifetime|INFO|Application started. Press Ctrl+C to shut down. 
2021-11-09 11:28:06.4080|Microsoft.Hosting.Lifetime|INFO|Hosting environment: Development 
2021-11-09 11:28:06.4080|Microsoft.Hosting.Lifetime|INFO|Content root path: /Users/knockjkeee/Projects/RestApiWithServiceWorker/RestApiWithServiceWorker 
2021-11-09 11:28:09.4133|RestApiWithServiceWorker.Controller.HandlesController|INFO|WindowsServiceApi is running... 
2021-11-09 11:28:09.4235|RestApiWithServiceWorker.Controller.HandlesController|INFO|messageResponse: Rest: add-file AccesKey: 57cb0c68-1998-481e-a4e2-fdec8afdec36 uuid: serviceCall$1615707 File: tmp6B73.tmp Fname: scan_9.pdf url: http://192.168.246.76:8080/sd Attr:  
2021-11-09 11:28:09.4657|Microsoft.AspNetCore.Diagnostics.DeveloperExceptionPageMiddleware|ERROR|An unhandled exception has occurred while executing the request. Could not find file '/Users/knockjkeee/Projects/RestApiWithServiceWorker/RestApiWithServiceWorker/scan_9.pdf'.
2021-11-09 11:29:41.9514|Microsoft.Hosting.Lifetime|INFO|Application is shutting down... 
2021-11-09 11:29:49.0766|RestApiWithServiceWorker.Program|DEBUG|init main 
2021-11-09 11:29:49.6348|Microsoft.Hosting.Lifetime|INFO|Now listening on: http://[::]:8888 
2021-11-09 11:29:49.6423|Microsoft.Hosting.Lifetime|INFO|Now listening on: http://[::]:1980 
2021-11-09 11:29:49.6471|Microsoft.Hosting.Lifetime|INFO|Application started. Press Ctrl+C to shut down. 
2021-11-09 11:29:49.6471|Microsoft.Hosting.Lifetime|INFO|Hosting environment: Development 
2021-11-09 11:29:49.6471|Microsoft.Hosting.Lifetime|INFO|Content root path: /Users/knockjkeee/Projects/RestApiWithServiceWorker/RestApiWithServiceWorker 
2021-11-09 11:29:53.1523|RestApiWithServiceWorker.Controller.HandlesController|INFO|WindowsServiceApi is running... 
2021-11-09 11:29:53.1620|RestApiWithServiceWorker.Controller.HandlesController|INFO|messageResponse: Rest: add-file AccesKey: 57cb0c68-1998-481e-a4e2-fdec8afdec36 uuid: serviceCall$1615707 File: tmp6B73.tmp Fname: scan_9.pdf url: http://192.168.246.76:8080/sd Attr:  
2021-11-09 11:30:16.4124|Microsoft.Hosting.Lifetime|INFO|Application is shutting down... 
2021-11-09 11:30:24.4950|RestApiWithServiceWorker.Program|DEBUG|init main 
2021-11-09 11:30:25.0405|Microsoft.Hosting.Lifetime|INFO|Now listening on: http://[::]:8888 
2021-11-09 11:30:25.0500|Microsoft.Hosting.Lifetime|INFO|Now listening on: http://[::]:1980 
2021-11-09 11:30:25.0556|Microsoft.Hosting.Lifetime|INFO|Application started. Press Ctrl+C to shut down. 
2021-11-09 11:30:25.0556|Microsoft.Hosting.Lifetime|INFO|Hosting environment: Development 
2021-11-09 11:30:25.0566|Microsoft.Hosting.Lifetime|INFO|Content root path: /Users/knockjkeee/Projects/RestApiWithServiceWorker/RestApiWithServiceWorker 
2021-11-09 11:30:27.6980|RestApiWithServiceWorker.Controller.HandlesController|INFO|WindowsServiceApi is running... 
2021-11-09 11:30:27.7080|RestApiWithServiceWorker.Controller.HandlesController|INFO|messageResponse: Rest: add-file AccesKey: 57cb0c68-1998-481e-a4e2-fdec8afdec36 uuid: serviceCall$1615707 File: tmp6B73.tmp Fname: scan_9.pdf url: http://192.168.246.76:8080/sd Attr:  
2021-11-09 11:30:42.6510|RestApiWithServiceWorker.Controller.HandlesController|INFO|WindowsServiceApi is running... 
2021-11-09 11:30:42.6604|RestApiWithServiceWorker.Controller.HandlesController|INFO|messageResponse: Rest: add-file AccesKey: 57cb0c68-1998-481e-a4e2-fdec8afdec36 uuid: serviceCall$1615707 File: tmp6B73.tmp Fname: scan_9.pdf url: http://192.168.246.76:8080/sd Attr:  
2021-11-09 11:46:41.2839|Microsoft.Hosting.Lifetime|INFO|Application is shutting down... 
2021-11-09 11:49:17.7635|RestApiWithServiceWorker.Program|DEBUG|init main 
2021-11-09 11:49:18.3184|Microsoft.Hosting.Lifetime|INFO|Now listening on: http://[::]:8888 
2021-11-09 11:49:18.3260|Microsoft.Hosting.Lifetime|INFO|Now listening on: http://[::]:1980 
2021-11-09 11:49:18.3310|Microsoft.Hosting.Lifetime|INFO|Application started. Press Ctrl+C to shut down. 
2021-11-09 11:49:18.3310|Microsoft.Hosting.Lifetime|INFO|Hosting environment: Development 
2021-11-09 11:49:18.3320|Microsoft.Hosting.Lifetime|INFO|Content root path: /Users/knockjkeee/Projects/RestApiWithServiceWorker/RestApiWithServiceWorker 
2021-11-09 11:49:43.7255|RestApiWithServiceWorker.Controller.HandlesController|INFO|WindowsServiceApi is running... 
2021-11-09 11:49:43.7353|RestApiWithServiceWorker.Controller.HandlesController|INFO|messageResponse: Rest: add-file AccesKey: 57cb0c68-1998-481e-a4e2-fdec8afdec36 uuid: serviceCall$1615707 File: tmp6B73.tmp Fname: scan_9.pdf url: http://192.168.246.76:8080/sd Attr:  
2021-11-09 11:49:43.8903|RestApiWithServiceWorker.Controller.HandlesController|INFO|WindowsServiceApi is running... 
2021-11-09 11:49:43.8920|RestApiWithServiceWorker.Controller.HandlesController|INFO|messageResponse: Rest: add-file AccesKey: 57cb0c68-1998-481e-a4e2-fdec8afdec36 uuid: serviceCall$1615707 File: tmp6B73.tmp Fname: scan_9.pdf url: http://192.168.246.76:8080/sd Attr:  
2021-11-09 11:51:16.1446|Microsoft.Hosting.Lifetime|INFO|Application is shutting down... 
2021-11-09 11:51:20.8202|RestApiWithServiceWorker.Program|DEBUG|init main 
2021-11-09 11:51:21.3397|Microsoft.Hosting.Lifetime|INFO|Now listening on: http://[::]:8888 
2021-11-09 11:51:21.3482|Microsoft.Hosting.Lifetime|INFO|Now listening on: http://[::]:1980 
2021-11-09 11:51:21.3526|Microsoft.Hosting.Lifetime|INFO|Application started. Press Ctrl+C to shut down. 
2021-11-09 11:51:21.3531|Microsoft.Hosting.Lifetime|INFO|Hosting environment: Development 
2021-11-09 11:51:21.3531|Microsoft.Hosting.Lifetime|INFO|Content root path: /Users/knockjkeee/Projects/RestApiWithServiceWorker/RestApiWithServiceWorker 
2021-11-09 11:51:24.3153|RestApiWithServiceWorker.Controller.HandlesController|INFO|WindowsServiceApi is running... 
2021-11-09 11:51:24.3257|RestApiWithServiceWorker.Controller.HandlesController|INFO|messageResponse: Rest: add-file AccesKey: 57cb0c68-1998-481e-a4e2-fdec8afdec36 uuid: serviceCall$1615707 File: tmp6B73.tmp Fname: scan_9.pdf url: http://192.168.246.76:8080/sd Attr:  
2021-11-09 12:05:54.7992|Microsoft.Hosting.Lifetime|INFO|Application is shutting down... 
2021-11-09 12:06:03.3115|RestApiWithServiceWorker.Program|DEBUG|init main 
2021-11-09 12:06:03.8503|Microsoft.Hosting.Lifetime|INFO|Now listening on: http://[::]:8888 
2021-11-09 12:06:03.8591|Microsoft.Hosting.Lifetime|INFO|Now listening on: http://[::]:1980 
2021-11-09 12:06:03.8636|Microsoft.Hosting.Lifetime|INFO|Application started. Press Ctrl+C to shut down. 
2021-11-09 12:06:03.8636|Microsoft.Hosting.Lifetime|INFO|Hosting environment: Development 
2021-11-09 12:06:03.8636|Microsoft.Hosting.Lifetime|INFO|Content root path: /Users/knockjkeee/Projects/RestApiWithServiceWorker/RestApiWithServiceWorker 
2021-11-09 12:06:08.6852|RestApiWithServiceWorker.Controller.HandlesController|INFO|messageResponse: Rest: add-file AccesKey: 57cb0c68-1998-481e-a4e2-fdec8afdec36 uuid: serviceCall$1615707 File: tmp6B73.tmp Fname: scan_9.pdf url: http://192.168.246.76:8080/sd Attr:  
2021-11-09 12:08:56.9604|Microsoft.Hosting.Lifetime|INFO|Application is shutting down... 
2021-11-09 12:10:49.5647|RestApiWithServiceWorker.Program|DEBUG|init main 
2021-11-09 12:10:50.1119|Microsoft.Hosting.Lifetime|INFO|Now listening on: http://[::]:8888 
2021-11-09 12:10:50.1212|Microsoft.Hosting.Lifetime|INFO|Now listening on: http://[::]:1980 
2021-11-09 12:10:50.1262|Microsoft.Hosting.Lifetime|INFO|Application started. Press Ctrl+C to shut down. 
2021-11-09 12:10:50.1268|Microsoft.Hosting.Lifetime|INFO|Hosting environment: Development 
2021-11-09 12:10:50.1268|Microsoft.Hosting.Lifetime|INFO|Content root path: /Users/knockjkeee/Projects/RestApiWithServiceWorker/RestApiWithServiceWorker 
2021-11-09 12:11:04.9807|RestApiWithServiceWorker.Controller.HandlesController|INFO|messageResponse: Rest: add-file AccesKey: 57cb0c68-1998-481e-a4e2-fdec8afdec36 uuid: serviceCall$1615707 File: tmp6B73.tmp Fname: scan_9.pdf url: http://192.168.246.76:8080/sd Attr:  
2021-11-09 12:11:04.9900|RestApiWithServiceWorker.Controller.HandlesController|INFO|Path temp dir: /var/folders/v6/rh7z4qlj069ghl0gmwlnbyjm0000gn/T/tmp6B73.tmp 
2021-11-09 12:11:04.9921|RestApiWithServiceWorker.Controller.HandlesController|INFO|buff length: 223 
2021-11-09 12:12:51.8380|Microsoft.Hosting.Lifetime|INFO|Application is shutting down... 
2021-11-09 12:14:02.6907|RestApiWithServiceWorker.Program|DEBUG|init main 
2021-11-09 12:14:03.2139|Microsoft.Hosting.Lifetime|INFO|Now listening on: http://[::]:8888 
2021-11-09 12:14:03.2222|Microsoft.Hosting.Lifetime|INFO|Now listening on: http://[::]:1980 
2021-11-09 12:14:03.2272|Microsoft.Hosting.Lifetime|INFO|Application started. Press Ctrl+C to shut down. 
2021-11-09 12:14:03.2277|Microsoft.Hosting.Lifetime|INFO|Hosting environment: Development 
2021-11-09 12:14:03.2277|Microsoft.Hosting.Lifetime|INFO|Content root path: /Users/knockjkeee/Projects/RestApiWithServiceWorker/RestApiWithServiceWorker 
2021-11-09 12:18:28.3295|Microsoft.Hosting.Lifetime|INFO|Application is shutting down... 
2021-11-09 12:24:15.5224|RestApiWithServiceWorker.Program|DEBUG|init main 
2021-11-09 12:24:16.0591|Microsoft.Hosting.Lifetime|INFO|Now listening on: http://[::]:8888 
2021-11-09 12:24:16.0683|Microsoft.Hosting.Lifetime|INFO|Now listening on: http://[::]:1980 
2021-11-09 12:24:16.0733|Microsoft.Hosting.Lifetime|INFO|Application started. Press Ctrl+C to shut down. 
2021-11-09 12:24:16.0733|Microsoft.Hosting.Lifetime|INFO|Hosting environment: Development 
2021-11-09 12:24:16.0743|Microsoft.Hosting.Lifetime|INFO|Content root path: /Users/knockjkeee/Projects/RestApiWithServiceWorker/RestApiWithServiceWorker 
2021-11-09 12:25:00.6237|Microsoft.Hosting.Lifetime|INFO|Application is shutting down... 
2021-11-09 12:25:07.7554|RestApiWithServiceWorker.Program|DEBUG|init main 
2021-11-09 12:25:08.3104|Microsoft.Hosting.Lifetime|INFO|Now listening on: http://[::]:8888 
2021-11-09 12:25:08.3218|Microsoft.Hosting.Lifetime|INFO|Now listening on: http://[::]:1980 
2021-11-09 12:25:08.3273|Microsoft.Hosting.Lifetime|INFO|Application started. Press Ctrl+C to shut down. 
2021-11-09 12:25:08.3281|Microsoft.Hosting.Lifetime|INFO|Hosting environment: Development 
2021-11-09 12:25:08.3281|Microsoft.Hosting.Lifetime|INFO|Content root path: /Users/knockjkeee/Projects/RestApiWithServiceWorker/RestApiWithServiceWorker 
2021-11-09 12:25:11.5585|RestApiWithServiceWorker.Controller.HandlesController|INFO|messageResponse: Rest: add-file AccesKey: 57cb0c68-1998-481e-a4e2-fdec8afdec36 uuid: serviceCall$1615707 File: tmp6B73.tmp Fname: scan_9.pdf url: http://192.168.246.76:8080/sd Attr:  
2021-11-09 12:25:11.5680|RestApiWithServiceWorker.Controller.HandlesController|INFO|Path temp dir: /var/folders/v6/rh7z4qlj069ghl0gmwlnbyjm0000gn/T/tmp6B73.tmp 
2021-11-09 12:25:11.5701|RestApiWithServiceWorker.Controller.HandlesController|INFO|buff length: 223 
2021-11-09 12:27:21.6004|Microsoft.Hosting.Lifetime|INFO|Application is shutting down... 
2021-11-09 12:27:29.8161|RestApiWithServiceWorker.Program|DEBUG|init main 
2021-11-09 12:27:30.3600|Microsoft.Hosting.Lifetime|INFO|Now listening on: http://[::]:8888 
2021-11-09 12:27:30.3720|Microsoft.Hosting.Lifetime|INFO|Now listening on: http://[::]:1980 
2021-11-09 12:27:30.3773|Microsoft.Hosting.Lifetime|INFO|Application started. Press Ctrl+C to shut down. 
2021-11-09 12:27:30.3781|Microsoft.Hosting.Lifetime|INFO|Hosting environment: Development 
2021-11-09 12:27:30.3781|Microsoft.Hosting.Lifetime|INFO|Content root path: /Users/knockjkeee/Projects/RestApiWithServiceWorker/RestApiWithServiceWorker 
2021-11-09 12:27:37.1064|RestApiWithServiceWorker.Controller.HandlesController|INFO|messageResponse: Rest: add-file AccesKey: 57cb0c68-1998-481e-a4e2-fdec8afdec36 uuid: serviceCall$1615707 File: tmp6B73.tmp Fname: scan_9.pdf url: http://192.168.246.76:8080/sd Attr:  
2021-11-09 12:27:37.1163|RestApiWithServiceWorker.Controller.HandlesController|INFO|Path temp dir: /var/folders/v6/rh7z4qlj069ghl0gmwlnbyjm0000gn/T/tmp6B73.tmp 
2021-11-09 12:27:37.1184|RestApiWithServiceWorker.Controller.HandlesController|INFO|buff length: 223 
2021-11-09 12:28:11.8304|Microsoft.Hosting.Lifetime|INFO|Application is shutting down... 
2021-11-09 12:28:20.4847|RestApiWithServiceWorker.Program|DEBUG|init main 
2021-11-09 12:28:21.0031|Microsoft.Hosting.Lifetime|INFO|Now listening on: http://[::]:8888 
2021-11-09 12:28:21.0156|Microsoft.Hosting.Lifetime|INFO|Now listening on: http://[::]:1980 
2021-11-09 12:28:21.0222|Microsoft.Hosting.Lifetime|INFO|Application started. Press Ctrl+C to shut down. 
2021-11-09 12:28:21.0230|Microsoft.Hosting.Lifetime|INFO|Hosting environment: Development 
2021-11-09 12:28:21.0230|Microsoft.Hosting.Lifetime|INFO|Content root path: /Users/knockjkeee/Projects/RestApiWithServiceWorker/RestApiWithServiceWorker 
2021-11-09 12:28:34.9116|RestApiWithServiceWorker.Controller.HandlesController|INFO|messageResponse: Rest: add-file AccesKey: 57cb0c68-1998-481e-a4e2-fdec8afdec36 uuid: serviceCall$1615707 File: tmp6B73.tmp Fname: scan_9.pdf url: http://192.168.246.76:8080/sd Attr:  
2021-11-09 12:28:34.9212|RestApiWithServiceWorker.Controller.HandlesController|INFO|Path temp dir: /var/folders/v6/rh7z4qlj069ghl0gmwlnbyjm0000gn/T/tmp6B73.tmp 
2021-11-09 12:28:34.9232|RestApiWithServiceWorker.Controller.HandlesController|INFO|buff length: 223 
2021-11-09 12:29:31.5215|Microsoft.Hosting.Lifetime|INFO|Application is shutting down... 
2021-11-09 12:29:39.1778|RestApiWithServiceWorker.Program|DEBUG|init main 
2021-11-09 12:29:39.6970|Microsoft.Hosting.Lifetime|INFO|Now listening on: http://[::]:8888 
2021-11-09 12:29:39.7093|Microsoft.Hosting.Lifetime|INFO|Now listening on: http://[::]:1980 
2021-11-09 12:29:39.7151|Microsoft.Hosting.Lifetime|INFO|Application started. Press Ctrl+C to shut down. 
2021-11-09 12:29:39.7161|Microsoft.Hosting.Lifetime|INFO|Hosting environment: Development 
2021-11-09 12:29:39.7166|Microsoft.Hosting.Lifetime|INFO|Content root path: /Users/knockjkeee/Projects/RestApiWithServiceWorker/RestApiWithServiceWorker 
2021-11-09 12:29:45.1149|RestApiWithServiceWorker.Controller.HandlesController|INFO|messageResponse: Rest: add-file AccesKey: 57cb0c68-1998-481e-a4e2-fdec8afdec36 uuid: serviceCall$1615707 File: tmp6B73.tmp Fname: scan_9.pdf url: http://192.168.246.76:8080/sd Attr:  
2021-11-09 12:29:45.1246|RestApiWithServiceWorker.Controller.HandlesController|INFO|Path temp dir: /var/folders/v6/rh7z4qlj069ghl0gmwlnbyjm0000gn/T/tmp6B73.tmp 
2021-11-09 12:29:45.1263|RestApiWithServiceWorker.Controller.HandlesController|INFO|buff length: 223 
2021-11-09 12:32:25.3642|Microsoft.Hosting.Lifetime|INFO|Application is shutting down... 
2021-11-09 12:32:30.3410|RestApiWithServiceWorker.Program|DEBUG|init main 
2021-11-09 12:32:30.8397|Microsoft.Hosting.Lifetime|INFO|Now listening on: http://[::]:8888 
2021-11-09 12:32:30.8524|Microsoft.Hosting.Lifetime|INFO|Now listening on: http://[::]:1980 
2021-11-09 12:32:30.8577|Microsoft.Hosting.Lifetime|INFO|Application started. Press Ctrl+C to shut down. 
2021-11-09 12:32:30.8587|Microsoft.Hosting.Lifetime|INFO|Hosting environment: Development 
2021-11-09 12:32:30.8587|Microsoft.Hosting.Lifetime|INFO|Content root path: /Users/knockjkeee/Projects/RestApiWithServiceWorker/RestApiWithServiceWorker 
2021-11-09 12:33:12.4816|Microsoft.Hosting.Lifetime|INFO|Application is shutting down... 
2021-11-09 12:33:17.3228|RestApiWithServiceWorker.Program|DEBUG|init main 
2021-11-09 12:33:17.8308|Microsoft.Hosting.Lifetime|INFO|Now listening on: http://[::]:8888 
2021-11-09 12:33:17.8425|Microsoft.Hosting.Lifetime|INFO|Now listening on: http://[::]:1980 
2021-11-09 12:33:17.8480|Microsoft.Hosting.Lifetime|INFO|Application started. Press Ctrl+C to shut down. 
2021-11-09 12:33:17.8490|Microsoft.Hosting.Lifetime|INFO|Hosting environment: Development 
2021-11-09 12:33:17.8492|Microsoft.Hosting.Lifetime|INFO|Content root path: /Users/knockjkeee/Projects/RestApiWithServiceWorker/RestApiWithServiceWorker 
2021-11-09 12:33:34.2864|RestApiWithServiceWorker.Controller.HandlesController|INFO|messageResponse: Rest: add-file AccesKey: 57cb0c68-1998-481e-a4e2-fdec8afdec36 uuid: serviceCall$1615707 File: tmp6B73.tmp Fname: scan_9.pdf url: http://192.168.246.76:8080/sd Attr:  
2021-11-09 12:33:34.2964|RestApiWithServiceWorker.Controller.HandlesController|INFO|Path temp dir: /var/folders/v6/rh7z4qlj069ghl0gmwlnbyjm0000gn/T/tmp6B73.tmp 
2021-11-09 12:33:34.2981|RestApiWithServiceWorker.Controller.HandlesController|INFO|buff length: 223 
2021-11-09 12:33:53.0982|Microsoft.Hosting.Lifetime|INFO|Application is shutting down... 
2021-11-09 12:52:39.3865|RestApiWithServiceWorker.Program|DEBUG|init main 
2021-11-09 12:52:39.9840|Microsoft.Hosting.Lifetime|INFO|Now listening on: http://[::]:8888 
2021-11-09 12:52:39.9950|Microsoft.Hosting.Lifetime|INFO|Now listening on: http://[::]:1980 
2021-11-09 12:52:40.0004|Microsoft.Hosting.Lifetime|INFO|Application started. Press Ctrl+C to shut down. 
2021-11-09 12:52:40.0004|Microsoft.Hosting.Lifetime|INFO|Hosting environment: Development 
2021-11-09 12:52:40.0014|Microsoft.Hosting.Lifetime|INFO|Content root path: /Users/knockjkeee/Projects/RestApiWithServiceWorker/RestApiWithServiceWorker 
2021-11-09 12:52:59.7151|RestApiWithServiceWorker.Controller.HandlesController|INFO|messageResponse: Rest: add-file AccesKey: 57cb0c68-1998-481e-a4e2-fdec8afdec36 uuid: serviceCall$1615707 File: tmp6B73.tmp Fname: scan_9.pdf url: http://192.168.246.76:8080/sd Attr:  
2021-11-09 12:52:59.7253|RestApiWithServiceWorker.Controller.HandlesController|INFO|urlToRequestNaumen: http://192.168.246.76:8080/sd/services/rest/add-file/serviceCall$1615707accessKey=57cb0c68-1998-481e-a4e2-fdec8afdec36 
2021-11-09 12:52:59.7265|RestApiWithServiceWorker.Controller.HandlesController|INFO|Path temp dir: /var/folders/v6/rh7z4qlj069ghl0gmwlnbyjm0000gn/T/tmp6B73.tmp 
2021-11-09 12:52:59.7278|RestApiWithServiceWorker.Controller.HandlesController|INFO|buff length: 223 
2021-11-09 12:54:33.4493|Microsoft.Hosting.Lifetime|INFO|Application is shutting down... 
2021-11-09 12:54:41.2938|RestApiWithServiceWorker.Program|DEBUG|init main 
2021-11-09 12:54:41.8682|Microsoft.Hosting.Lifetime|INFO|Now listening on: http://[::]:8888 
2021-11-09 12:54:41.8805|Microsoft.Hosting.Lifetime|INFO|Now listening on: http://[::]:1980 
2021-11-09 12:54:41.8872|Microsoft.Hosting.Lifetime|INFO|Application started. Press Ctrl+C to shut down. 
2021-11-09 12:54:41.8880|Microsoft.Hosting.Lifetime|INFO|Hosting environment: Development 
2021-11-09 12:54:41.8880|Microsoft.Hosting.Lifetime|INFO|Content root path: /Users/knockjkeee/Projects/RestApiWithServiceWorker/RestApiWithServiceWorker 
2021-11-09 12:54:44.6079|RestApiWithServiceWorker.Controller.HandlesController|INFO|messageResponse: Rest: add-file AccesKey: 57cb0c68-1998-481e-a4e2-fdec8afdec36 uuid: serviceCall$1615707 File: tmp6B73.tmp Fname: scan_9.pdf url: http://192.168.246.76:8080/sd Attr:  
2021-11-09 12:54:44.6177|RestApiWithServiceWorker.Controller.HandlesController|INFO|urlToRequestNaumen: http://192.168.246.76:8080/sd/services/rest/add-file/serviceCall$1615707?accessKey=57cb0c68-1998-481e-a4e2-fdec8afdec36 
2021-11-09 12:54:44.6189|RestApiWithServiceWorker.Controller.HandlesController|INFO|Path temp dir: /var/folders/v6/rh7z4qlj069ghl0gmwlnbyjm0000gn/T/tmp6B73.tmp 
2021-11-09 12:54:44.6202|RestApiWithServiceWorker.Controller.HandlesController|INFO|buff length: 223 
2021-11-09 12:55:53.7494|RestApiWithServiceWorker.Controller.HandlesController|INFO|messageResponse: Rest: add-file AccesKey: 57cb0c68-1998-481e-a4e2-fdec8afdec36 uuid: serviceCall$1615707 File: tmp6B73.tmp Fname: scan_9.pdf url: http://192.168.246.76:8080/sd Attr:  
2021-11-09 12:55:53.7610|RestApiWithServiceWorker.Controller.HandlesController|INFO|urlToRequestNaumen: http://192.168.246.76:8080/sd/services/rest/add-file/serviceCall$1615707?accessKey=57cb0c68-1998-481e-a4e2-fdec8afdec36 
2021-11-09 12:55:53.7622|RestApiWithServiceWorker.Controller.HandlesController|INFO|Path temp dir: /var/folders/v6/rh7z4qlj069ghl0gmwlnbyjm0000gn/T/tmp6B73.tmp 
2021-11-09 12:55:53.7634|RestApiWithServiceWorker.Controller.HandlesController|INFO|buff length: 223 
2021-11-09 12:56:36.8147|RestApiWithServiceWorker.Controller.HandlesController|INFO|messageResponse: Rest: add-file AccesKey: 57cb0c68-1998-481e-a4e2-fdec8afdec36 uuid: serviceCall$1615707 File: tmp6B73.tmp Fname: scan_9.pdf url: http://192.168.246.76:8080/sd Attr: response 
2021-11-09 12:56:36.8287|RestApiWithServiceWorker.Controller.HandlesController|INFO|urlToRequestNaumen: http://192.168.246.76:8080/sd/services/rest/add-file/serviceCall$1615707?accessKey=57cb0c68-1998-481e-a4e2-fdec8afdec36&attrCode=response 
2021-11-09 12:56:36.8303|RestApiWithServiceWorker.Controller.HandlesController|INFO|Path temp dir: /var/folders/v6/rh7z4qlj069ghl0gmwlnbyjm0000gn/T/tmp6B73.tmp 
2021-11-09 12:56:36.8313|RestApiWithServiceWorker.Controller.HandlesController|INFO|buff length: 223 
2021-11-09 12:57:01.3946|Microsoft.Hosting.Lifetime|INFO|Application is shutting down... 
2021-11-09 13:04:26.5755|Microsoft.Hosting.Lifetime|INFO|Now listening on: http://[::]:8888 
2021-11-09 13:04:26.6348|Microsoft.Hosting.Lifetime|INFO|Now listening on: http://[::]:1980 
2021-11-09 13:04:26.6428|Microsoft.Hosting.Lifetime|INFO|Application started. Press Ctrl+C to shut down. 
2021-11-09 13:04:26.6444|Microsoft.Hosting.Lifetime|INFO|Hosting environment: Development 
2021-11-09 13:04:26.6453|Microsoft.Hosting.Lifetime|INFO|Content root path: /Users/knockjkeee/Projects/RestApiWithServiceWorker/RestApiWithServiceWorker 
2021-11-09 13:04:30.1114|RestApiWithServiceWorker.Controller.HandlesController|INFO|messageResponse: Rest: add-file AccesKey: 57cb0c68-1998-481e-a4e2-fdec8afdec36 uuid: serviceCall$1615707 File: tmp6B73.tmp Fname: scan_9.pdf url: http://192.168.246.76:8080/sd Attr: response 
2021-11-09 13:04:30.1214|RestApiWithServiceWorker.Controller.HandlesController|INFO|urlToRequestNaumen: http://192.168.246.76:8080/sd/services/rest/add-file/serviceCall$1615707?accessKey=57cb0c68-1998-481e-a4e2-fdec8afdec36&attrCode=response 
2021-11-09 13:04:30.1225|RestApiWithServiceWorker.Controller.HandlesController|INFO|Path temp dir: /var/folders/v6/rh7z4qlj069ghl0gmwlnbyjm0000gn/T/tmp6B73.tmp 
2021-11-09 13:04:30.1239|RestApiWithServiceWorker.Controller.HandlesController|INFO|buff length: 223 
2021-11-09 13:04:34.6069|Microsoft.Hosting.Lifetime|INFO|Application is shutting down... 
2021-11-09 13:19:46.5932|Microsoft.Hosting.Lifetime|INFO|Now listening on: http://localhost:5000 
2021-11-09 13:19:46.6327|Microsoft.Hosting.Lifetime|INFO|Now listening on: https://localhost:5001 
2021-11-09 13:19:46.6389|Microsoft.Hosting.Lifetime|INFO|Application started. Press Ctrl+C to shut down. 
2021-11-09 13:19:46.6398|Microsoft.Hosting.Lifetime|INFO|Hosting environment: Development 
2021-11-09 13:19:46.6398|Microsoft.Hosting.Lifetime|INFO|Content root path: /Users/knockjkeee/Projects/RestApiWithServiceWorker/RestApiWithServiceWorker 
2021-11-09 13:20:31.8497|Microsoft.Hosting.Lifetime|INFO|Application is shutting down... 
2021-11-09 13:20:39.5723|Microsoft.Hosting.Lifetime|INFO|Now listening on: http://localhost:5000 
2021-11-09 13:20:39.6141|Microsoft.Hosting.Lifetime|INFO|Now listening on: https://localhost:5001 
2021-11-09 13:20:39.6211|Microsoft.Hosting.Lifetime|INFO|Application started. Press Ctrl+C to shut down. 
2021-11-09 13:20:39.6226|Microsoft.Hosting.Lifetime|INFO|Hosting environment: Development 
2021-11-09 13:20:39.6243|Microsoft.Hosting.Lifetime|INFO|Content root path: /Users/knockjkeee/Projects/RestApiWithServiceWorker/RestApiWithServiceWorker 
2021-11-09 13:22:05.3391|Microsoft.Hosting.Lifetime|INFO|Application is shutting down... 
2021-11-09 13:22:13.1328|Microsoft.Hosting.Lifetime|INFO|Now listening on: http://[::]:8888 
2021-11-09 13:22:13.1889|Microsoft.Hosting.Lifetime|INFO|Now listening on: http://[::]:1980 
2021-11-09 13:22:13.1956|Microsoft.Hosting.Lifetime|INFO|Application started. Press Ctrl+C to shut down. 
2021-11-09 13:22:13.1971|Microsoft.Hosting.Lifetime|INFO|Hosting environment: Development 
2021-11-09 13:22:13.1971|Microsoft.Hosting.Lifetime|INFO|Content root path: /Users/knockjkeee/Projects/RestApiWithServiceWorker/RestApiWithServiceWorker 
2021-11-09 13:22:19.9567|RestApiWithServiceWorker.Controller.HandlesController|INFO|messageResponse: Rest: add-file AccesKey: 57cb0c68-1998-481e-a4e2-fdec8afdec36 uuid: serviceCall$1615707 File: tmp6B73.tmp Fname: scan_9.pdf url: http://192.168.246.76:8080/sd Attr: response 
2021-11-09 13:22:19.9676|RestApiWithServiceWorker.Controller.HandlesController|INFO|urlToRequestNaumen: http://192.168.246.76:8080/sd/services/rest/add-file/serviceCall$1615707?accessKey=57cb0c68-1998-481e-a4e2-fdec8afdec36&attrCode=response 
2021-11-09 13:22:19.9687|RestApiWithServiceWorker.Controller.HandlesController|INFO|Path temp dir: /var/folders/v6/rh7z4qlj069ghl0gmwlnbyjm0000gn/T/tmp6B73.tmp 
2021-11-09 13:22:19.9700|RestApiWithServiceWorker.Controller.HandlesController|INFO|buff length: 223 
2021-11-09 13:22:31.6487|Microsoft.Hosting.Lifetime|INFO|Application is shutting down... 
2021-11-09 13:29:22.8616|Microsoft.Hosting.Lifetime|INFO|Now listening on: http://[::]:8888 
2021-11-09 13:29:22.9212|Microsoft.Hosting.Lifetime|INFO|Now listening on: http://[::]:1980 
2021-11-09 13:29:22.9296|Microsoft.Hosting.Lifetime|INFO|Application started. Press Ctrl+C to shut down. 
2021-11-09 13:29:22.9317|Microsoft.Hosting.Lifetime|INFO|Hosting environment: Development 
2021-11-09 13:29:22.9325|Microsoft.Hosting.Lifetime|INFO|Content root path: /Users/knockjkeee/Projects/RestApiWithServiceWorker/RestApiWithServiceWorker 
2021-11-09 13:29:37.3476|Microsoft.Hosting.Lifetime|INFO|Now listening on: http://[::]:8888 
2021-11-09 13:29:37.4093|Microsoft.Hosting.Lifetime|INFO|Now listening on: http://[::]:1980 
2021-11-09 13:29:37.4271|Microsoft.Hosting.Lifetime|INFO|Application started. Press Ctrl+C to shut down. 
2021-11-09 13:29:37.4295|Microsoft.Hosting.Lifetime|INFO|Hosting environment: Development 
2021-11-09 13:29:37.4325|Microsoft.Hosting.Lifetime|INFO|Content root path: /Users/knockjkeee/Projects/RestApiWithServiceWorker/RestApiWithServiceWorker 
2021-11-09 13:30:16.1868|Microsoft.Hosting.Lifetime|INFO|Now listening on: http://[::]:8888 
2021-11-09 13:30:16.2466|Microsoft.Hosting.Lifetime|INFO|Now listening on: http://[::]:1980 
2021-11-09 13:30:16.2523|Microsoft.Hosting.Lifetime|INFO|Application started. Press Ctrl+C to shut down. 
2021-11-09 13:30:16.2531|Microsoft.Hosting.Lifetime|INFO|Hosting environment: Development 
2021-11-09 13:30:16.2531|Microsoft.Hosting.Lifetime|INFO|Content root path: /Users/knockjkeee/Projects/RestApiWithServiceWorker/RestApiWithServiceWorker 
2021-11-09 13:30:42.9773|Microsoft.Hosting.Lifetime|INFO|Now listening on: http://[::]:8888 
2021-11-09 13:30:43.0334|Microsoft.Hosting.Lifetime|INFO|Now listening on: http://[::]:1980 
2021-11-09 13:30:43.0401|Microsoft.Hosting.Lifetime|INFO|Application started. Press Ctrl+C to shut down. 
2021-11-09 13:30:43.0414|Microsoft.Hosting.Lifetime|INFO|Hosting environment: Development 
2021-11-09 13:30:43.0426|Microsoft.Hosting.Lifetime|INFO|Content root path: /Users/knockjkeee/Projects/RestApiWithServiceWorker/RestApiWithServiceWorker 
2021-11-09 13:30:50.9059|RestApiWithServiceWorker.Controller.HandlesController|INFO|messageResponse: Rest: add-file AccesKey: 57cb0c68-1998-481e-a4e2-fdec8afdec36 uuid: serviceCall$1615707 File: tmp6B73.tmp Fname: scan_9.pdf url: http://192.168.246.76:8080/sd Attr: response 
2021-11-09 13:30:50.9174|RestApiWithServiceWorker.Controller.HandlesController|INFO|urlToRequestNaumen: http://192.168.246.76:8080/sd/services/rest/add-file/serviceCall$1615707?accessKey=57cb0c68-1998-481e-a4e2-fdec8afdec36&attrCode=response 
2021-11-09 13:30:50.9186|RestApiWithServiceWorker.Controller.HandlesController|INFO|Path temp dir: /var/folders/v6/rh7z4qlj069ghl0gmwlnbyjm0000gn/T/tmp6B73.tmp 
2021-11-09 13:30:50.9200|RestApiWithServiceWorker.Controller.HandlesController|INFO|buff length: 223 
2021-11-09 13:30:53.9332|Microsoft.Hosting.Lifetime|INFO|Application is shutting down... 
2021-11-09 13:31:07.6219|Microsoft.Hosting.Lifetime|INFO|Now listening on: http://[::]:8888 
2021-11-09 13:31:07.6774|Microsoft.Hosting.Lifetime|INFO|Now listening on: http://[::]:1980 
2021-11-09 13:31:07.6838|Microsoft.Hosting.Lifetime|INFO|Application started. Press Ctrl+C to shut down. 
2021-11-09 13:31:07.6849|Microsoft.Hosting.Lifetime|INFO|Hosting environment: Development 
2021-11-09 13:31:07.6859|Microsoft.Hosting.Lifetime|INFO|Content root path: /Users/knockjkeee/Projects/RestApiWithServiceWorker/RestApiWithServiceWorker 
2021-11-09 13:31:11.0788|RestApiWithServiceWorker.Controller.HandlesController|INFO|messageResponse: Rest: add-file AccesKey: 57cb0c68-1998-481e-a4e2-fdec8afdec36 uuid: serviceCall$1615707 File: tmp6B73.tmp Fname: scan_9.pdf url: http://192.168.246.76:8080/sd Attr: response 
2021-11-09 13:31:11.0892|RestApiWithServiceWorker.Controller.HandlesController|INFO|urlToRequestNaumen: http://192.168.246.76:8080/sd/services/rest/add-file/serviceCall$1615707?accessKey=57cb0c68-1998-481e-a4e2-fdec8afdec36&attrCode=response 
2021-11-09 13:31:11.0904|RestApiWithServiceWorker.Controller.HandlesController|INFO|Path temp dir: /var/folders/v6/rh7z4qlj069ghl0gmwlnbyjm0000gn/T/tmp6B73.tmp 
2021-11-09 13:31:11.0917|RestApiWithServiceWorker.Controller.HandlesController|INFO|buff length: 223 
2021-11-09 13:31:14.1554|Microsoft.Hosting.Lifetime|INFO|Application is shutting down... 
2021-11-09 13:31:44.7800|Microsoft.Hosting.Lifetime|INFO|Now listening on: http://[::]:8888 
2021-11-09 13:31:44.8394|Microsoft.Hosting.Lifetime|INFO|Now listening on: http://[::]:1980 
2021-11-09 13:31:44.8463|Microsoft.Hosting.Lifetime|INFO|Application started. Press Ctrl+C to shut down. 
2021-11-09 13:31:44.8479|Microsoft.Hosting.Lifetime|INFO|Hosting environment: Development 
2021-11-09 13:31:44.8487|Microsoft.Hosting.Lifetime|INFO|Content root path: /Users/knockjkeee/Projects/RestApiWithServiceWorker/RestApiWithServiceWorker 
2021-11-09 13:31:48.6875|RestApiWithServiceWorker.Controller.HandlesController|INFO|messageResponse: Rest: add-file AccesKey: 57cb0c68-1998-481e-a4e2-fdec8afdec36 uuid: serviceCall$1615707 File: tmp6B73.tmp Fname: scan_9.pdf url: http://192.168.246.76:8080/sd Attr: response 
2021-11-09 13:31:48.6975|RestApiWithServiceWorker.Controller.HandlesController|INFO|urlToRequestNaumen: http://192.168.246.76:8080/sd/services/rest/add-file/serviceCall$1615707?accessKey=57cb0c68-1998-481e-a4e2-fdec8afdec36&attrCode=response 
2021-11-09 13:31:48.6986|RestApiWithServiceWorker.Controller.HandlesController|INFO|Path temp dir: /var/folders/v6/rh7z4qlj069ghl0gmwlnbyjm0000gn/T/tmp6B73.tmp 
2021-11-09 13:31:48.6999|RestApiWithServiceWorker.Controller.HandlesController|INFO|buff length: 223 
2021-11-09 13:31:52.4222|RestApiWithServiceWorker.Controller.HandlesController|INFO|messageResponse: Rest: add-file AccesKey: 57cb0c68-1998-481e-a4e2-fdec8afdec36 uuid: serviceCall$1615707 File: tmp6B73.tmp Fname: scan_9.pdf url: http://192.168.246.76:8080/sd Attr: response 
2021-11-09 13:31:52.4331|RestApiWithServiceWorker.Controller.HandlesController|INFO|urlToRequestNaumen: http://192.168.246.76:8080/sd/services/rest/add-file/serviceCall$1615707?accessKey=57cb0c68-1998-481e-a4e2-fdec8afdec36&attrCode=response 
2021-11-09 13:31:52.4342|RestApiWithServiceWorker.Controller.HandlesController|INFO|Path temp dir: /var/folders/v6/rh7z4qlj069ghl0gmwlnbyjm0000gn/T/tmp6B73.tmp 
2021-11-09 13:31:52.4352|RestApiWithServiceWorker.Controller.HandlesController|INFO|buff length: 223 
2021-11-09 13:33:08.0068|Microsoft.Hosting.Lifetime|INFO|Application is shutting down... 
2021-11-09 16:03:20.7905|Microsoft.Hosting.Lifetime|INFO|Now listening on: http://[::]:8888 
2021-11-09 16:03:20.8501|Microsoft.Hosting.Lifetime|INFO|Now listening on: http://[::]:1980 
2021-11-09 16:03:20.8597|Microsoft.Hosting.Lifetime|INFO|Application started. Press Ctrl+C to shut down. 
2021-11-09 16:03:20.8615|Microsoft.Hosting.Lifetime|INFO|Hosting environment: Development 
2021-11-09 16:03:20.8615|Microsoft.Hosting.Lifetime|INFO|Content root path: /Users/knockjkeee/Projects/RestApiWithServiceWorker/RestApiWithServiceWorker 
2021-11-09 16:03:51.0048|Microsoft.Hosting.Lifetime|INFO|Now listening on: http://[::]:8888 
2021-11-09 16:03:51.0631|Microsoft.Hosting.Lifetime|INFO|Now listening on: http://[::]:1980 
2021-11-09 16:03:51.0698|Microsoft.Hosting.Lifetime|INFO|Application started. Press Ctrl+C to shut down. 
2021-11-09 16:03:51.0715|Microsoft.Hosting.Lifetime|INFO|Hosting environment: Development 
2021-11-09 16:03:51.0721|Microsoft.Hosting.Lifetime|INFO|Content root path: /Users/knockjkeee/Projects/RestApiWithServiceWorker/RestApiWithServiceWorker 
2021-11-09 16:05:21.8214|Microsoft.Hosting.Lifetime|INFO|Now listening on: http://[::]:8888 
2021-11-09 16:05:21.8771|Microsoft.Hosting.Lifetime|INFO|Now listening on: http://[::]:1980 
2021-11-09 16:05:21.8834|Microsoft.Hosting.Lifetime|INFO|Application started. Press Ctrl+C to shut down. 
2021-11-09 16:05:21.8845|Microsoft.Hosting.Lifetime|INFO|Hosting environment: Development 
2021-11-09 16:05:21.8853|Microsoft.Hosting.Lifetime|INFO|Content root path: /Users/knockjkeee/Projects/RestApiWithServiceWorker/RestApiWithServiceWorker 
2021-11-09 16:05:48.2898|Microsoft.Hosting.Lifetime|INFO|Now listening on: http://[::]:8888 
2021-11-09 16:05:48.3492|Microsoft.Hosting.Lifetime|INFO|Now listening on: http://[::]:1980 
2021-11-09 16:05:48.3565|Microsoft.Hosting.Lifetime|INFO|Application started. Press Ctrl+C to shut down. 
2021-11-09 16:05:48.3587|Microsoft.Hosting.Lifetime|INFO|Hosting environment: Development 
2021-11-09 16:05:48.3593|Microsoft.Hosting.Lifetime|INFO|Content root path: /Users/knockjkeee/Projects/RestApiWithServiceWorker/RestApiWithServiceWorker 
2021-11-09 16:06:37.2297|Microsoft.Hosting.Lifetime|INFO|Now listening on: http://[::]:8888 
2021-11-09 16:06:37.2850|Microsoft.Hosting.Lifetime|INFO|Now listening on: http://[::]:1980 
2021-11-09 16:06:37.2920|Microsoft.Hosting.Lifetime|INFO|Application started. Press Ctrl+C to shut down. 
2021-11-09 16:06:37.2930|Microsoft.Hosting.Lifetime|INFO|Hosting environment: Development 
2021-11-09 16:06:37.2936|Microsoft.Hosting.Lifetime|INFO|Content root path: /Users/knockjkeee/Projects/RestApiWithServiceWorker/RestApiWithServiceWorker 
2021-11-09 16:07:10.4392|Microsoft.Hosting.Lifetime|INFO|Now listening on: http://[::]:8888 
2021-11-09 16:07:10.4968|Microsoft.Hosting.Lifetime|INFO|Now listening on: http://[::]:1980 
2021-11-09 16:07:10.5039|Microsoft.Hosting.Lifetime|INFO|Application started. Press Ctrl+C to shut down. 
2021-11-09 16:07:10.5060|Microsoft.Hosting.Lifetime|INFO|Hosting environment: Development 
2021-11-09 16:07:10.5068|Microsoft.Hosting.Lifetime|INFO|Content root path: /Users/knockjkeee/Projects/RestApiWithServiceWorker/RestApiWithServiceWorker 
2021-11-09 16:07:56.3487|Microsoft.Hosting.Lifetime|INFO|Now listening on: http://[::]:8888 
2021-11-09 16:07:56.4105|Microsoft.Hosting.Lifetime|INFO|Now listening on: http://[::]:1980 
2021-11-09 16:07:56.4164|Microsoft.Hosting.Lifetime|INFO|Application started. Press Ctrl+C to shut down. 
2021-11-09 16:07:56.4172|Microsoft.Hosting.Lifetime|INFO|Hosting environment: Development 
2021-11-09 16:07:56.4172|Microsoft.Hosting.Lifetime|INFO|Content root path: /Users/knockjkeee/Projects/RestApiWithServiceWorker/RestApiWithServiceWorker 
